INFO:root:std: 32.9481916549806
INFO:root:mean: 37.5
INFO:root:std: 215.09332599801624
INFO:root:mean: 401.8333333333333
INFO:root:x:199998.5861016073
INFO:root:Serverless Last Observations: [86, 20, 11, 80, 3, 25],  new CV: 0.878618444132816, old CV: 100000
INFO:root:VM Last Observations:[118, 648, 207, 697, 439, 302], new CV: 0.5352799485641218, old CV: 100000
INFO:root:std: 24.89589435138966
INFO:root:mean: 26.833333333333332
INFO:root:std: 195.6013519607901
INFO:root:mean: 418.3333333333333
INFO:root:x:0.11688585655771955
INFO:root:Serverless Last Observations: [20, 11, 80, 3, 25, 22],  new CV: 0.9277973050207328, old CV: 0.878618444132816
INFO:root:VM Last Observations:[648, 207, 697, 439, 302, 217], new CV: 0.467572952894319, old CV: 0.5352799485641218
INFO:root:std: 30.901725949640202
INFO:root:mean: 36.5
INFO:root:std: 172.4061741611619
INFO:root:mean: 352.3333333333333
INFO:root:x:0.10292861313592733
INFO:root:Serverless Last Observations: [11, 80, 3, 25, 22, 78],  new CV: 0.8466226287572658, old CV: 0.9277973050207328
INFO:root:VM Last Observations:[207, 697, 439, 302, 217, 252], new CV: 0.48932688976677935, old CV: 0.467572952894319
INFO:root:std: 34.94161797436785
INFO:root:mean: 50.5
INFO:root:std: 212.3519091822189
INFO:root:mean: 444.0
INFO:root:x:0.16576622558312193
INFO:root:Serverless Last Observations: [80, 3, 25, 22, 78, 95],  new CV: 0.691913227215205, old CV: 0.8466226287572658
INFO:root:VM Last Observations:[697, 439, 302, 217, 252, 757], new CV: 0.47827006572571823, old CV: 0.48932688976677935
INFO:root:std: 34.83014339460705
INFO:root:mean: 38.833333333333336
INFO:root:std: 179.75044428935973
INFO:root:mean: 395.3333333333333
INFO:root:x:0.22858968320708511
INFO:root:Serverless Last Observations: [3, 25, 22, 78, 95, 10],  new CV: 0.8969135638096235, old CV: 0.691913227215205
INFO:root:VM Last Observations:[439, 302, 217, 252, 757, 405], new CV: 0.45468071911305163, old CV: 0.47827006572571823
INFO:root:std: 32.75879864843778
INFO:root:mean: 50.833333333333336
INFO:root:std: 198.11752965236457
INFO:root:mean: 348.3333333333333
INFO:root:x:0.36655591978076263
INFO:root:Serverless Last Observations: [25, 22, 78, 95, 10, 75],  new CV: 0.6444353832479564, old CV: 0.8969135638096235
INFO:root:VM Last Observations:[302, 217, 252, 757, 405, 157], new CV: 0.5687584583321471, old CV: 0.45468071911305163
INFO:root:std: 33.46142057155773
INFO:root:mean: 62.0
INFO:root:std: 198.48733516832306
INFO:root:mean: 368.3333333333333
INFO:root:x:0.13461386678986287
INFO:root:Serverless Last Observations: [22, 78, 95, 10, 75, 92],  new CV: 0.5397003317993182, old CV: 0.6444353832479564
INFO:root:VM Last Observations:[217, 252, 757, 405, 157, 422], new CV: 0.5388796429909224, old CV: 0.5687584583321471
INFO:root:std: 28.168638984200534
INFO:root:mean: 39.166666666666664
INFO:root:std: 161.8367661839821
INFO:root:mean: 381.8333333333333
INFO:root:x:199998.85695932875
INFO:root:Serverless Last Observations: [86, 18, 24, 48, 1, 58],  new CV: 0.7191992932136307, old CV: 100000
INFO:root:VM Last Observations:[409, 237, 647, 266, 526, 206], new CV: 0.42384137804622113, old CV: 100000
INFO:root:std: 30.450779957170226
INFO:root:mean: 40.5
INFO:root:std: 163.21024273412908
INFO:root:mean: 365.5
INFO:root:x:0.055370090597096744
INFO:root:Serverless Last Observations: [18, 24, 48, 1, 58, 94],  new CV: 0.7518711100535859, old CV: 0.7191992932136307
INFO:root:VM Last Observations:[237, 647, 266, 526, 206, 311], new CV: 0.44653965180336275, old CV: 0.42384137804622113
INFO:root:std: 32.54953490024431
INFO:root:mean: 51.833333333333336
INFO:root:std: 171.67354355157804
INFO:root:mean: 356.1666666666667
INFO:root:x:0.1593695526072071
INFO:root:Serverless Last Observations: [24, 48, 1, 58, 94, 86],  new CV: 0.6279653035416909, old CV: 0.7518711100535859
INFO:root:VM Last Observations:[647, 266, 526, 206, 311, 181], new CV: 0.48200339789867486, old CV: 0.44653965180336275
INFO:root:std: 30.705138911191327
INFO:root:mean: 60.166666666666664
INFO:root:std: 203.55588913121625
INFO:root:mean: 374.0
INFO:root:x:0.1798942701359999
INFO:root:Serverless Last Observations: [48, 1, 58, 94, 86, 74],  new CV: 0.5103347187455622, old CV: 0.6279653035416909
INFO:root:VM Last Observations:[266, 526, 206, 311, 181, 754], new CV: 0.5442670832385461, old CV: 0.48200339789867486
INFO:root:std: 31.579265349276255
INFO:root:mean: 58.5
INFO:root:std: 205.33116881976025
INFO:root:mean: 420.3333333333333
INFO:root:x:0.0852528261747238
INFO:root:Serverless Last Observations: [1, 58, 94, 86, 74, 38],  new CV: 0.53981650169703, old CV: 0.5103347187455622
INFO:root:VM Last Observations:[526, 206, 311, 181, 754, 544], new CV: 0.48849604001529007, old CV: 0.5442670832385461
INFO:root:std: 24.1039415863879
INFO:root:mean: 63.0
INFO:root:std: 226.2591925695445
INFO:root:mean: 446.6666666666667
INFO:root:x:0.17526864540460324
INFO:root:Serverless Last Observations: [58, 94, 86, 74, 38, 28],  new CV: 0.38260224740298254, old CV: 0.53981650169703
INFO:root:VM Last Observations:[206, 311, 181, 754, 544, 684], new CV: 0.5065504311258459, old CV: 0.48849604001529007
INFO:root:std: 25.022767410677996
INFO:root:mean: 60.833333333333336
INFO:root:std: 245.52308106028104
INFO:root:mean: 430.5
INFO:root:x:0.09250123017105133
INFO:root:Serverless Last Observations: [94, 86, 74, 38, 28, 45],  new CV: 0.41133316291525474, old CV: 0.38260224740298254
INFO:root:VM Last Observations:[311, 181, 754, 544, 684, 109], new CV: 0.570320745784625, old CV: 0.5065504311258459
